
> my-v0-project@0.1.0 build
> next build

▲ Next.js 16.1.1 (Turbopack)
- Environments: .env

⚠ The "middleware" file convention is deprecated. Please use "proxy" instead. Learn more: https://nextjs.org/docs/messages/middleware-to-proxy
  Creating an optimized production build ...
✓ Compiled successfully in 7.4s
  Skipping validation of types
  Collecting page data using 7 workers ...
  Generating static pages using 7 workers (0/35) ...
  Generating static pages using 7 workers (8/35) 
Error serving favicon: TypeError: fetch failed
    at async E (.next/server/chunks/[root-of-the-server]__546ef5d7._.js:1:1640) {
  [cause]: Error: getaddrinfo ENOTFOUND pbqvvvdhssghkpvsluvw.supabase.co
      at ignore-listed frames {
    errno: -3008,
    code: 'ENOTFOUND',
    syscall: 'getaddrinfo',
    hostname: 'pbqvvvdhssghkpvsluvw.supabase.co'
  }
}
Error serving default favicon: TypeError: fetch failed
    at async E (.next/server/chunks/[root-of-the-server]__546ef5d7._.js:1:2120) {
  [cause]: Error: getaddrinfo ENOTFOUND pbqvvvdhssghkpvsluvw.supabase.co
      at ignore-listed frames {
    errno: -3008,
    code: 'ENOTFOUND',
    syscall: 'getaddrinfo',
    hostname: 'pbqvvvdhssghkpvsluvw.supabase.co'
  }
}
  Generating static pages using 7 workers (17/35) 
  Generating static pages using 7 workers (26/35) 
✓ Generating static pages using 7 workers (35/35) in 667.3ms
  Finalizing page optimization ...

Route (app)
┌ ○ /
├ ○ /_not-found
├ ○ /admin/courses
├ ƒ /admin/courses/[id]/edit
├ ○ /admin/courses/new
├ ○ /admin/dashboard
├ ○ /admin/electives/course
├ ƒ /admin/electives/course/[id]
├ ○ /admin/electives/exchange
├ ƒ /admin/electives/exchange/[id]
├ ƒ /admin/electives/exchange/[id]/edit
├ ƒ /admin/electives/exchange/new
├ ○ /admin/forgot-password
├ ○ /admin/groups
├ ○ /admin/login
├ ○ /admin/reset-password
├ ○ /admin/settings
├ ○ /admin/settings/branding
├ ○ /admin/universities
├ ƒ /admin/universities/[id]
├ ƒ /admin/universities/[id]/edit
├ ○ /admin/universities/new
├ ƒ /admin/users/[id]
├ ƒ /api/admin/invite-user
├ ƒ /api/admin/profile
├ ƒ /api/auth/check-role
├ ○ /manager/dashboard
├ ○ /manager/electives/course
├ ○ /manager/electives/course-builder
├ ƒ /manager/electives/course/[id]
├ ƒ /manager/electives/course/[id]/edit
├ ○ /manager/electives/exchange
├ ○ /manager/electives/exchange-builder
├ ƒ /manager/electives/exchange/[id]
├ ƒ /manager/electives/exchange/[id]/edit
├ ○ /manager/forgot-password
├ ○ /manager/login
├ ○ /manager/signup
├ ○ /student/courses
├ ƒ /student/courses/[packId]
├ ○ /student/dashboard
├ ƒ /student/electives/exchange/[packId]/select
├ ○ /student/exchange
├ ƒ /student/exchange/[packId]
├ ○ /student/forgot-password
├ ○ /student/login
└ ○ /student/signup


ƒ Proxy (Middleware)

○  (Static)   prerendered as static content
ƒ  (Dynamic)  server-rendered on demand

